#  Timestep    No_Moles    No_Specs   Si192O384
          5           1           1           1
#  Timestep    No_Moles    No_Specs   Si192O384
         10           1           1           1
#  Timestep    No_Moles    No_Specs   Si192O384
         15           1           1           1
#  Timestep    No_Moles    No_Specs   Si192O384
         20           1           1           1
#  Timestep    No_Moles    No_Specs   Si192O384
         25           1           1           1
#  Timestep    No_Moles    No_Specs   Si192O384
         30           1           1           1
#  Timestep    No_Moles    No_Specs   Si192O384
         35           1           1           1
#  Timestep    No_Moles    No_Specs   Si192O384
         40           1           1           1
#  Timestep    No_Moles    No_Specs   Si192O384
         45           1           1           1
#  Timestep    No_Moles    No_Specs   Si192O384
         50           1           1           1
#  Timestep    No_Moles    No_Specs   Si192O384
         55           1           1           1
#  Timestep    No_Moles    No_Specs   Si192O384
         60           1           1           1
#  Timestep    No_Moles    No_Specs   Si192O384
         65           1           1           1
#  Timestep    No_Moles    No_Specs   Si192O384
         70           1           1           1
#  Timestep    No_Moles    No_Specs   Si192O384
         75           1           1           1
#  Timestep    No_Moles    No_Specs   Si192O384
         80           1           1           1
#  Timestep    No_Moles    No_Specs   Si192O384
         85           1           1           1
#  Timestep    No_Moles    No_Specs   Si192O384
         90           1           1           1
#  Timestep    No_Moles    No_Specs   Si192O384
         95           1           1           1
#  Timestep    No_Moles    No_Specs   Si192O384
        100           1           1           1
#  Timestep    No_Moles    No_Specs   Si192O384
        105           1           1           1
#  Timestep    No_Moles    No_Specs   Si192O384
        110           1           1           1
#  Timestep    No_Moles    No_Specs   Si192O384
        115           1           1           1
#  Timestep    No_Moles    No_Specs   Si192O384
        120           1           1           1
#  Timestep    No_Moles    No_Specs   Si192O384
        125           1           1           1
#  Timestep    No_Moles    No_Specs   Si192O384
        130           1           1           1
#  Timestep    No_Moles    No_Specs   Si192O384
        135           1           1           1
#  Timestep    No_Moles    No_Specs   Si192O384
        140           1           1           1
#  Timestep    No_Moles    No_Specs   Si192O384
        145           1           1           1
#  Timestep    No_Moles    No_Specs   Si192O384
        150           1           1           1
#  Timestep    No_Moles    No_Specs   Si192O384
        155           1           1           1
#  Timestep    No_Moles    No_Specs   Si192O384
        160           1           1           1
#  Timestep    No_Moles    No_Specs   Si192O384
        165           1           1           1
#  Timestep    No_Moles    No_Specs   Si192O384
        170           1           1           1
#  Timestep    No_Moles    No_Specs   Si192O384
        175           1           1           1
#  Timestep    No_Moles    No_Specs   Si192O384
        180           1           1           1
#  Timestep    No_Moles    No_Specs   Si192O384
        185           1           1           1
#  Timestep    No_Moles    No_Specs   Si192O384
        190           1           1           1
#  Timestep    No_Moles    No_Specs   Si192O384
        195           1           1           1
#  Timestep    No_Moles    No_Specs   Si192O384
        200           1           1           1
#  Timestep    No_Moles    No_Specs   Si192O384
        205           1           1           1
#  Timestep    No_Moles    No_Specs   Si192O384
        210           1           1           1
#  Timestep    No_Moles    No_Specs   Si192O384
        215           1           1           1
#  Timestep    No_Moles    No_Specs   Si192O384
        220           1           1           1
#  Timestep    No_Moles    No_Specs   Si192O384
        225           1           1           1
#  Timestep    No_Moles    No_Specs   Si192O384
        230           1           1           1
#  Timestep    No_Moles    No_Specs   Si192O384
        235           1           1           1
#  Timestep    No_Moles    No_Specs   Si192O384
        240           1           1           1
#  Timestep    No_Moles    No_Specs   Si192O384
        245           1           1           1
#  Timestep    No_Moles    No_Specs   Si192O384
        250           1           1           1
#  Timestep    No_Moles    No_Specs   Si192O384
        255           1           1           1
#  Timestep    No_Moles    No_Specs   Si192O384
        260           1           1           1
#  Timestep    No_Moles    No_Specs   Si192O384
        265           1           1           1
#  Timestep    No_Moles    No_Specs   Si192O384
        270           1           1           1
#  Timestep    No_Moles    No_Specs   Si192O384
        275           1           1           1
#  Timestep    No_Moles    No_Specs   Si192O384
        280           1           1           1
#  Timestep    No_Moles    No_Specs   Si192O384
        285           1           1           1
#  Timestep    No_Moles    No_Specs   Si192O384
        290           1           1           1
#  Timestep    No_Moles    No_Specs   Si192O384
        295           1           1           1
#  Timestep    No_Moles    No_Specs   Si192O384
        300           1           1           1
#  Timestep    No_Moles    No_Specs   Si192O384
        305           1           1           1
#  Timestep    No_Moles    No_Specs   Si192O384
        310           1           1           1
#  Timestep    No_Moles    No_Specs   Si192O384
        315           1           1           1
#  Timestep    No_Moles    No_Specs   Si192O384
        320           1           1           1
#  Timestep    No_Moles    No_Specs   Si192O384
        325           1           1           1
#  Timestep    No_Moles    No_Specs   Si192O384
        330           1           1           1
#  Timestep    No_Moles    No_Specs   Si192O384
        335           1           1           1
#  Timestep    No_Moles    No_Specs   Si192O384
        340           1           1           1
#  Timestep    No_Moles    No_Specs   Si192O384
        345           1           1           1
#  Timestep    No_Moles    No_Specs   Si192O384
        350           1           1           1
#  Timestep    No_Moles    No_Specs   Si192O384
        355           1           1           1
#  Timestep    No_Moles    No_Specs   Si192O384
        360           1           1           1
#  Timestep    No_Moles    No_Specs   Si192O384
        365           1           1           1
#  Timestep    No_Moles    No_Specs   Si192O384
        370           1           1           1
#  Timestep    No_Moles    No_Specs   Si192O384
        375           1           1           1
#  Timestep    No_Moles    No_Specs   Si192O384
        380           1           1           1
#  Timestep    No_Moles    No_Specs   Si192O384
        385           1           1           1
#  Timestep    No_Moles    No_Specs   Si192O384
        390           1           1           1
#  Timestep    No_Moles    No_Specs   Si192O384
        395           1           1           1
#  Timestep    No_Moles    No_Specs   Si192O384
        400           1           1           1
#  Timestep    No_Moles    No_Specs   Si192O384
        405           1           1           1
#  Timestep    No_Moles    No_Specs   Si192O384
        410           1           1           1
#  Timestep    No_Moles    No_Specs   Si192O384
        415           1           1           1
#  Timestep    No_Moles    No_Specs   Si192O384
        420           1           1           1
#  Timestep    No_Moles    No_Specs   Si192O384
        425           1           1           1
#  Timestep    No_Moles    No_Specs   Si192O384
        430           1           1           1
#  Timestep    No_Moles    No_Specs   Si192O384
        435           1           1           1
#  Timestep    No_Moles    No_Specs   Si192O384
        440           1           1           1
#  Timestep    No_Moles    No_Specs   Si192O384
        445           1           1           1
#  Timestep    No_Moles    No_Specs   Si192O384
        450           1           1           1
#  Timestep    No_Moles    No_Specs   Si192O384
        455           1           1           1
#  Timestep    No_Moles    No_Specs   Si192O384
        460           1           1           1
#  Timestep    No_Moles    No_Specs   Si192O384
        465           1           1           1
#  Timestep    No_Moles    No_Specs   Si192O384
        470           1           1           1
#  Timestep    No_Moles    No_Specs   Si192O384
        475           1           1           1
#  Timestep    No_Moles    No_Specs   Si192O384
        480           1           1           1
#  Timestep    No_Moles    No_Specs   Si192O384
        485           1           1           1
#  Timestep    No_Moles    No_Specs   Si192O384
        490           1           1           1
#  Timestep    No_Moles    No_Specs   Si192O384
        495           1           1           1
#  Timestep    No_Moles    No_Specs   Si192O384
        500           1           1           1
#  Timestep    No_Moles    No_Specs   Si192O384
        505           1           1           1
#  Timestep    No_Moles    No_Specs   Si192O384
        510           1           1           1
#  Timestep    No_Moles    No_Specs   Si192O384
        515           1           1           1
#  Timestep    No_Moles    No_Specs   Si192O384
        520           1           1           1
#  Timestep    No_Moles    No_Specs   Si192O384
        525           1           1           1
#  Timestep    No_Moles    No_Specs   Si192O384
        530           1           1           1
#  Timestep    No_Moles    No_Specs   Si192O384
        535           1           1           1
#  Timestep    No_Moles    No_Specs   Si192O384
        540           1           1           1
#  Timestep    No_Moles    No_Specs   Si192O384
        545           1           1           1
#  Timestep    No_Moles    No_Specs   Si192O384
        550           1           1           1
#  Timestep    No_Moles    No_Specs   Si192O384
        555           1           1           1
#  Timestep    No_Moles    No_Specs   Si192O384
        560           1           1           1
#  Timestep    No_Moles    No_Specs   Si192O384
        565           1           1           1
#  Timestep    No_Moles    No_Specs   Si192O384
        570           1           1           1
#  Timestep    No_Moles    No_Specs   Si192O384
        575           1           1           1
#  Timestep    No_Moles    No_Specs   Si192O384
        580           1           1           1
#  Timestep    No_Moles    No_Specs   Si192O384
        585           1           1           1
#  Timestep    No_Moles    No_Specs   Si192O384
        590           1           1           1
#  Timestep    No_Moles    No_Specs   Si192O384
        595           1           1           1
#  Timestep    No_Moles    No_Specs   Si192O384
        600           1           1           1
#  Timestep    No_Moles    No_Specs   Si192O384
        605           1           1           1
#  Timestep    No_Moles    No_Specs   Si192O384
        610           1           1           1
#  Timestep    No_Moles    No_Specs   Si192O384
        615           1           1           1
#  Timestep    No_Moles    No_Specs   Si192O384
        620           1           1           1
#  Timestep    No_Moles    No_Specs   Si192O384
        625           1           1           1
#  Timestep    No_Moles    No_Specs   Si192O384
        630           1           1           1
#  Timestep    No_Moles    No_Specs   Si192O384
        635           1           1           1
#  Timestep    No_Moles    No_Specs   Si192O384
        640           1           1           1
#  Timestep    No_Moles    No_Specs   Si192O384
        645           1           1           1
#  Timestep    No_Moles    No_Specs   Si192O384
        650           1           1           1
#  Timestep    No_Moles    No_Specs   Si192O384
        655           1           1           1
#  Timestep    No_Moles    No_Specs   Si192O384
        660           1           1           1
#  Timestep    No_Moles    No_Specs   Si192O384
        665           1           1           1
#  Timestep    No_Moles    No_Specs   Si192O384
        670           1           1           1
#  Timestep    No_Moles    No_Specs   Si192O384
        675           1           1           1
#  Timestep    No_Moles    No_Specs   Si192O384
        680           1           1           1
#  Timestep    No_Moles    No_Specs   Si192O384
        685           1           1           1
#  Timestep    No_Moles    No_Specs   Si192O384
        690           1           1           1
#  Timestep    No_Moles    No_Specs   Si192O384
        695           1           1           1
#  Timestep    No_Moles    No_Specs   Si192O384
        700           1           1           1
#  Timestep    No_Moles    No_Specs   Si192O384
        705           1           1           1
#  Timestep    No_Moles    No_Specs   Si192O384
        710           1           1           1
#  Timestep    No_Moles    No_Specs   Si192O384
        715           1           1           1
#  Timestep    No_Moles    No_Specs   Si192O384
        720           1           1           1
#  Timestep    No_Moles    No_Specs   Si192O384
        725           1           1           1
#  Timestep    No_Moles    No_Specs   Si192O384
        730           1           1           1
#  Timestep    No_Moles    No_Specs   Si192O384
        735           1           1           1
#  Timestep    No_Moles    No_Specs   Si192O384
        740           1           1           1
#  Timestep    No_Moles    No_Specs   Si192O384
        745           1           1           1
#  Timestep    No_Moles    No_Specs   Si192O384
        750           1           1           1
#  Timestep    No_Moles    No_Specs   Si192O384
        755           1           1           1
#  Timestep    No_Moles    No_Specs   Si192O384
        760           1           1           1
#  Timestep    No_Moles    No_Specs   Si192O384
        765           1           1           1
#  Timestep    No_Moles    No_Specs   Si192O384
        770           1           1           1
#  Timestep    No_Moles    No_Specs   Si192O384
        775           1           1           1
#  Timestep    No_Moles    No_Specs   Si192O384
        780           1           1           1
#  Timestep    No_Moles    No_Specs   Si192O384
        785           1           1           1
#  Timestep    No_Moles    No_Specs   Si192O384
        790           1           1           1
#  Timestep    No_Moles    No_Specs   Si192O384
        795           1           1           1
#  Timestep    No_Moles    No_Specs   Si192O384
        800           1           1           1
#  Timestep    No_Moles    No_Specs   Si192O384
        805           1           1           1
#  Timestep    No_Moles    No_Specs   Si192O384
        810           1           1           1
#  Timestep    No_Moles    No_Specs   Si192O384
        815           1           1           1
#  Timestep    No_Moles    No_Specs   Si192O384
        820           1           1           1
#  Timestep    No_Moles    No_Specs   Si192O384
        825           1           1           1
#  Timestep    No_Moles    No_Specs   Si192O384
        830           1           1           1
#  Timestep    No_Moles    No_Specs   Si192O384
        835           1           1           1
#  Timestep    No_Moles    No_Specs   Si192O384
        840           1           1           1
#  Timestep    No_Moles    No_Specs   Si192O384
        845           1           1           1
#  Timestep    No_Moles    No_Specs   Si192O384
        850           1           1           1
#  Timestep    No_Moles    No_Specs   Si192O384
        855           1           1           1
#  Timestep    No_Moles    No_Specs   Si192O384
        860           1           1           1
#  Timestep    No_Moles    No_Specs   Si192O384
        865           1           1           1
#  Timestep    No_Moles    No_Specs   Si192O384
        870           1           1           1
#  Timestep    No_Moles    No_Specs   Si192O384
        875           1           1           1
#  Timestep    No_Moles    No_Specs   Si192O384
        880           1           1           1
#  Timestep    No_Moles    No_Specs   Si192O384
        885           1           1           1
#  Timestep    No_Moles    No_Specs   Si192O384
        890           1           1           1
#  Timestep    No_Moles    No_Specs   Si192O384
        895           1           1           1
#  Timestep    No_Moles    No_Specs   Si192O384
        900           1           1           1
#  Timestep    No_Moles    No_Specs   Si192O384
        905           1           1           1
#  Timestep    No_Moles    No_Specs   Si192O384
        910           1           1           1
#  Timestep    No_Moles    No_Specs   Si192O384
        915           1           1           1
#  Timestep    No_Moles    No_Specs   Si192O384
        920           1           1           1
#  Timestep    No_Moles    No_Specs   Si192O384
        925           1           1           1
#  Timestep    No_Moles    No_Specs   Si192O384
        930           1           1           1
#  Timestep    No_Moles    No_Specs   Si192O384
        935           1           1           1
#  Timestep    No_Moles    No_Specs   Si192O384
        940           1           1           1
#  Timestep    No_Moles    No_Specs   Si192O384
        945           1           1           1
#  Timestep    No_Moles    No_Specs   Si192O384
        950           1           1           1
#  Timestep    No_Moles    No_Specs   Si192O384
        955           1           1           1
#  Timestep    No_Moles    No_Specs   Si192O384
        960           1           1           1
#  Timestep    No_Moles    No_Specs   Si192O384
        965           1           1           1
#  Timestep    No_Moles    No_Specs   Si192O384
        970           1           1           1
#  Timestep    No_Moles    No_Specs   Si192O384
        975           1           1           1
#  Timestep    No_Moles    No_Specs   Si192O384
        980           1           1           1
#  Timestep    No_Moles    No_Specs   Si192O384
        985           1           1           1
#  Timestep    No_Moles    No_Specs   Si192O384
        990           1           1           1
#  Timestep    No_Moles    No_Specs   Si192O384
        995           1           1           1
#  Timestep    No_Moles    No_Specs   Si192O384
       1000           1           1           1
#  Timestep    No_Moles    No_Specs   Si192O384
       1005           1           1           1
#  Timestep    No_Moles    No_Specs   Si192O384
       1010           1           1           1
#  Timestep    No_Moles    No_Specs   Si192O384
       1015           1           1           1
#  Timestep    No_Moles    No_Specs   Si192O384
       1020           1           1           1
#  Timestep    No_Moles    No_Specs   Si192O384
       1025           1           1           1
#  Timestep    No_Moles    No_Specs   Si192O384
       1030           1           1           1
#  Timestep    No_Moles    No_Specs   Si192O384
       1035           1           1           1
#  Timestep    No_Moles    No_Specs   Si192O384
       1040           1           1           1
#  Timestep    No_Moles    No_Specs   Si192O384
       1045           1           1           1
#  Timestep    No_Moles    No_Specs   Si192O384
       1050           1           1           1
#  Timestep    No_Moles    No_Specs   Si192O384
       1055           1           1           1
#  Timestep    No_Moles    No_Specs   Si192O384
       1060           1           1           1
#  Timestep    No_Moles    No_Specs   Si192O384
       1065           1           1           1
#  Timestep    No_Moles    No_Specs   Si192O384
       1070           1           1           1
#  Timestep    No_Moles    No_Specs   Si192O384
       1075           1           1           1
#  Timestep    No_Moles    No_Specs   Si192O384
       1080           1           1           1
#  Timestep    No_Moles    No_Specs   Si192O384
       1085           1           1           1
#  Timestep    No_Moles    No_Specs   Si192O384
       1090           1           1           1
#  Timestep    No_Moles    No_Specs   Si192O384
       1095           1           1           1
#  Timestep    No_Moles    No_Specs   Si192O384
       1100           1           1           1
#  Timestep    No_Moles    No_Specs   Si192O384
       1105           1           1           1
#  Timestep    No_Moles    No_Specs   Si192O384
       1110           1           1           1
#  Timestep    No_Moles    No_Specs   Si192O384
       1115           1           1           1
#  Timestep    No_Moles    No_Specs   Si192O384
       1120           1           1           1
#  Timestep    No_Moles    No_Specs   Si192O384
       1125           1           1           1
#  Timestep    No_Moles    No_Specs   Si192O384
       1130           1           1           1
#  Timestep    No_Moles    No_Specs   Si192O384
       1135           1           1           1
#  Timestep    No_Moles    No_Specs   Si192O384
       1140           1           1           1
#  Timestep    No_Moles    No_Specs   Si192O384
       1145           1           1           1
#  Timestep    No_Moles    No_Specs   Si192O384
       1150           1           1           1
#  Timestep    No_Moles    No_Specs   Si192O384
       1155           1           1           1
#  Timestep    No_Moles    No_Specs   Si192O384
       1160           1           1           1
#  Timestep    No_Moles    No_Specs   Si192O384
       1165           1           1           1
#  Timestep    No_Moles    No_Specs   Si192O384
       1170           1           1           1
#  Timestep    No_Moles    No_Specs   Si192O384
       1175           1           1           1
#  Timestep    No_Moles    No_Specs   Si192O384
       1180           1           1           1
#  Timestep    No_Moles    No_Specs   Si192O384
       1185           1           1           1
#  Timestep    No_Moles    No_Specs   Si192O384
       1190           1           1           1
#  Timestep    No_Moles    No_Specs   Si192O384
       1195           1           1           1
#  Timestep    No_Moles    No_Specs   Si192O384
       1200           1           1           1
#  Timestep    No_Moles    No_Specs   Si192O384
       1205           1           1           1
#  Timestep    No_Moles    No_Specs   Si192O384
       1210           1           1           1
#  Timestep    No_Moles    No_Specs   Si192O384
       1215           1           1           1
#  Timestep    No_Moles    No_Specs   Si192O384
       1220           1           1           1
#  Timestep    No_Moles    No_Specs   Si192O384
       1225           1           1           1
#  Timestep    No_Moles    No_Specs   Si192O384
       1230           1           1           1
#  Timestep    No_Moles    No_Specs   Si192O384
       1235           1           1           1
#  Timestep    No_Moles    No_Specs   Si192O384
       1240           1           1           1
#  Timestep    No_Moles    No_Specs   Si192O384
       1245           1           1           1
#  Timestep    No_Moles    No_Specs   Si192O384
       1250           1           1           1
#  Timestep    No_Moles    No_Specs   Si192O384
       1255           1           1           1
#  Timestep    No_Moles    No_Specs   Si192O384
       1260           1           1           1
#  Timestep    No_Moles    No_Specs   Si192O384
       1265           1           1           1
#  Timestep    No_Moles    No_Specs   Si192O384
       1270           1           1           1
#  Timestep    No_Moles    No_Specs   Si192O384
       1275           1           1           1
#  Timestep    No_Moles    No_Specs   Si192O384
       1280           1           1           1
#  Timestep    No_Moles    No_Specs   Si192O384
       1285           1           1           1
#  Timestep    No_Moles    No_Specs   Si192O384
       1290           1           1           1
#  Timestep    No_Moles    No_Specs   Si192O384
       1295           1           1           1
#  Timestep    No_Moles    No_Specs   Si192O384
       1300           1           1           1
#  Timestep    No_Moles    No_Specs   Si192O384
       1305           1           1           1
#  Timestep    No_Moles    No_Specs   Si192O384
       1310           1           1           1
#  Timestep    No_Moles    No_Specs   Si192O384
       1315           1           1           1
#  Timestep    No_Moles    No_Specs   Si192O384
       1320           1           1           1
#  Timestep    No_Moles    No_Specs   Si192O384
       1325           1           1           1
#  Timestep    No_Moles    No_Specs   Si192O384
       1330           1           1           1
#  Timestep    No_Moles    No_Specs   Si192O384
       1335           1           1           1
#  Timestep    No_Moles    No_Specs   Si192O384
       1340           1           1           1
#  Timestep    No_Moles    No_Specs   Si192O384
       1345           1           1           1
#  Timestep    No_Moles    No_Specs   Si192O384
       1350           1           1           1
#  Timestep    No_Moles    No_Specs   Si192O384
       1355           1           1           1
#  Timestep    No_Moles    No_Specs   Si192O384
       1360           1           1           1
#  Timestep    No_Moles    No_Specs   Si192O384
       1365           1           1           1
#  Timestep    No_Moles    No_Specs   Si192O384
       1370           1           1           1
#  Timestep    No_Moles    No_Specs   Si192O384
       1375           1           1           1
#  Timestep    No_Moles    No_Specs   Si192O384
       1380           1           1           1
#  Timestep    No_Moles    No_Specs   Si192O384
       1385           1           1           1
#  Timestep    No_Moles    No_Specs   Si192O384
       1390           1           1           1
#  Timestep    No_Moles    No_Specs   Si192O384
       1395           1           1           1
#  Timestep    No_Moles    No_Specs   Si192O384
       1400           1           1           1
#  Timestep    No_Moles    No_Specs   Si192O384
       1405           1           1           1
#  Timestep    No_Moles    No_Specs   Si192O384
       1410           1           1           1
#  Timestep    No_Moles    No_Specs   Si192O384
       1415           1           1           1
#  Timestep    No_Moles    No_Specs   Si192O384
       1420           1           1           1
#  Timestep    No_Moles    No_Specs   Si192O384
       1425           1           1           1
#  Timestep    No_Moles    No_Specs   Si192O384
       1430           1           1           1
#  Timestep    No_Moles    No_Specs   Si192O384
       1435           1           1           1
#  Timestep    No_Moles    No_Specs   Si192O384
       1440           1           1           1
#  Timestep    No_Moles    No_Specs   Si192O384
       1445           1           1           1
#  Timestep    No_Moles    No_Specs   Si192O384
       1450           1           1           1
#  Timestep    No_Moles    No_Specs   Si192O384
       1455           1           1           1
#  Timestep    No_Moles    No_Specs   Si192O384
       1460           1           1           1
#  Timestep    No_Moles    No_Specs   Si192O384
       1465           1           1           1
#  Timestep    No_Moles    No_Specs   Si192O384
       1470           1           1           1
#  Timestep    No_Moles    No_Specs   Si192O384
       1475           1           1           1
#  Timestep    No_Moles    No_Specs   Si192O384
       1480           1           1           1
#  Timestep    No_Moles    No_Specs   Si192O384
       1485           1           1           1
#  Timestep    No_Moles    No_Specs   Si192O384
       1490           1           1           1
#  Timestep    No_Moles    No_Specs   Si192O384
       1495           1           1           1
#  Timestep    No_Moles    No_Specs   Si192O384
       1500           1           1           1
#  Timestep    No_Moles    No_Specs   Si192O384
       1505           1           1           1
#  Timestep    No_Moles    No_Specs   Si192O384
       1510           1           1           1
#  Timestep    No_Moles    No_Specs   Si192O384
       1515           1           1           1
#  Timestep    No_Moles    No_Specs   Si192O384
       1520           1           1           1
#  Timestep    No_Moles    No_Specs   Si192O384
       1525           1           1           1
#  Timestep    No_Moles    No_Specs   Si192O384
       1530           1           1           1
#  Timestep    No_Moles    No_Specs   Si192O384
       1535           1           1           1
#  Timestep    No_Moles    No_Specs   Si192O384
       1540           1           1           1
#  Timestep    No_Moles    No_Specs   Si192O384
       1545           1           1           1
#  Timestep    No_Moles    No_Specs   Si192O384
       1550           1           1           1
#  Timestep    No_Moles    No_Specs   Si192O384
       1555           1           1           1
#  Timestep    No_Moles    No_Specs   Si192O384
       1560           1           1           1
#  Timestep    No_Moles    No_Specs   Si192O384
       1565           1           1           1
#  Timestep    No_Moles    No_Specs   Si192O384
       1570           1           1           1
#  Timestep    No_Moles    No_Specs   Si192O384
       1575           1           1           1
#  Timestep    No_Moles    No_Specs   Si192O384
       1580           1           1           1
#  Timestep    No_Moles    No_Specs   Si192O384
       1585           1           1           1
#  Timestep    No_Moles    No_Specs   Si192O384
       1590           1           1           1
#  Timestep    No_Moles    No_Specs   Si192O384
       1595           1           1           1
#  Timestep    No_Moles    No_Specs   Si192O384
       1600           1           1           1
#  Timestep    No_Moles    No_Specs   Si192O384
       1605           1           1           1
#  Timestep    No_Moles    No_Specs   Si192O384
       1610           1           1           1
#  Timestep    No_Moles    No_Specs   Si192O384
       1615           1           1           1
#  Timestep    No_Moles    No_Specs   Si192O384
       1620           1           1           1
#  Timestep    No_Moles    No_Specs   Si192O384
       1625           1           1           1
#  Timestep    No_Moles    No_Specs   Si192O384
       1630           1           1           1
#  Timestep    No_Moles    No_Specs   Si192O384
       1635           1           1           1
#  Timestep    No_Moles    No_Specs   Si192O384
       1640           1           1           1
#  Timestep    No_Moles    No_Specs   Si192O384
       1645           1           1           1
#  Timestep    No_Moles    No_Specs   Si192O384
       1650           1           1           1
#  Timestep    No_Moles    No_Specs   Si192O384
       1655           1           1           1
#  Timestep    No_Moles    No_Specs   Si192O384
       1660           1           1           1
#  Timestep    No_Moles    No_Specs   Si192O384
       1665           1           1           1
#  Timestep    No_Moles    No_Specs   Si192O384
       1670           1           1           1
#  Timestep    No_Moles    No_Specs   Si192O384
       1675           1           1           1
#  Timestep    No_Moles    No_Specs   Si192O384
       1680           1           1           1
#  Timestep    No_Moles    No_Specs   Si192O384
       1685           1           1           1
#  Timestep    No_Moles    No_Specs   Si192O384
       1690           1           1           1
#  Timestep    No_Moles    No_Specs   Si192O384
       1695           1           1           1
#  Timestep    No_Moles    No_Specs   Si192O384
       1700           1           1           1
#  Timestep    No_Moles    No_Specs   Si192O384
       1705           1           1           1
#  Timestep    No_Moles    No_Specs   Si192O384
       1710           1           1           1
#  Timestep    No_Moles    No_Specs   Si192O384
       1715           1           1           1
#  Timestep    No_Moles    No_Specs   Si192O384
       1720           1           1           1
#  Timestep    No_Moles    No_Specs   Si192O384
       1725           1           1           1
#  Timestep    No_Moles    No_Specs   Si192O384
       1730           1           1           1
#  Timestep    No_Moles    No_Specs   Si192O384
       1735           1           1           1
#  Timestep    No_Moles    No_Specs   Si192O384
       1740           1           1           1
#  Timestep    No_Moles    No_Specs   Si192O384
       1745           1           1           1
#  Timestep    No_Moles    No_Specs   Si192O384
       1750           1           1           1
#  Timestep    No_Moles    No_Specs   Si192O384
       1755           1           1           1
#  Timestep    No_Moles    No_Specs   Si192O384
       1760           1           1           1
#  Timestep    No_Moles    No_Specs   Si192O384
       1765           1           1           1
#  Timestep    No_Moles    No_Specs   Si192O384
       1770           1           1           1
#  Timestep    No_Moles    No_Specs   Si192O384
       1775           1           1           1
#  Timestep    No_Moles    No_Specs   Si192O384
       1780           1           1           1
#  Timestep    No_Moles    No_Specs   Si192O384
       1785           1           1           1
#  Timestep    No_Moles    No_Specs   Si192O384
       1790           1           1           1
#  Timestep    No_Moles    No_Specs   Si192O384
       1795           1           1           1
#  Timestep    No_Moles    No_Specs   Si192O384
       1800           1           1           1
#  Timestep    No_Moles    No_Specs   Si192O384
       1805           1           1           1
#  Timestep    No_Moles    No_Specs   Si192O384
       1810           1           1           1
#  Timestep    No_Moles    No_Specs   Si192O384
       1815           1           1           1
#  Timestep    No_Moles    No_Specs   Si192O384
       1820           1           1           1
#  Timestep    No_Moles    No_Specs   Si192O384
       1825           1           1           1
#  Timestep    No_Moles    No_Specs   Si192O384
       1830           1           1           1
#  Timestep    No_Moles    No_Specs   Si192O384
       1835           1           1           1
#  Timestep    No_Moles    No_Specs   Si192O384
       1840           1           1           1
#  Timestep    No_Moles    No_Specs   Si192O384
       1845           1           1           1
#  Timestep    No_Moles    No_Specs   Si192O384
       1850           1           1           1
#  Timestep    No_Moles    No_Specs   Si192O384
       1855           1           1           1
#  Timestep    No_Moles    No_Specs   Si192O384
       1860           1           1           1
#  Timestep    No_Moles    No_Specs   Si192O384
       1865           1           1           1
#  Timestep    No_Moles    No_Specs   Si192O384
       1870           1           1           1
#  Timestep    No_Moles    No_Specs   Si192O384
       1875           1           1           1
#  Timestep    No_Moles    No_Specs   Si192O384
       1880           1           1           1
#  Timestep    No_Moles    No_Specs   Si192O384
       1885           1           1           1
#  Timestep    No_Moles    No_Specs   Si192O384
       1890           1           1           1
#  Timestep    No_Moles    No_Specs   Si192O384
       1895           1           1           1
#  Timestep    No_Moles    No_Specs   Si192O384
       1900           1           1           1
#  Timestep    No_Moles    No_Specs   Si192O384
       1905           1           1           1
#  Timestep    No_Moles    No_Specs   Si192O384
       1910           1           1           1
#  Timestep    No_Moles    No_Specs   Si192O384
       1915           1           1           1
#  Timestep    No_Moles    No_Specs   Si192O384
       1920           1           1           1
#  Timestep    No_Moles    No_Specs   Si192O384
       1925           1           1           1
#  Timestep    No_Moles    No_Specs   Si192O384
       1930           1           1           1
#  Timestep    No_Moles    No_Specs   Si192O384
       1935           1           1           1
#  Timestep    No_Moles    No_Specs   Si192O384
       1940           1           1           1
#  Timestep    No_Moles    No_Specs   Si192O384
       1945           1           1           1
#  Timestep    No_Moles    No_Specs   Si192O384
       1950           1           1           1
#  Timestep    No_Moles    No_Specs   Si192O384
       1955           1           1           1
#  Timestep    No_Moles    No_Specs   Si192O384
       1960           1           1           1
#  Timestep    No_Moles    No_Specs   Si192O384
       1965           1           1           1
#  Timestep    No_Moles    No_Specs   Si192O384
       1970           1           1           1
#  Timestep    No_Moles    No_Specs   Si192O384
       1975           1           1           1
#  Timestep    No_Moles    No_Specs   Si192O384
       1980           1           1           1
#  Timestep    No_Moles    No_Specs   Si192O384
       1985           1           1           1
#  Timestep    No_Moles    No_Specs   Si192O384
       1990           1           1           1
#  Timestep    No_Moles    No_Specs   Si192O384
       1995           1           1           1
#  Timestep    No_Moles    No_Specs   Si192O384
       2000           1           1           1
#  Timestep    No_Moles    No_Specs   Si192O384
       2005           1           1           1
#  Timestep    No_Moles    No_Specs   Si192O384
       2010           1           1           1
#  Timestep    No_Moles    No_Specs   Si192O384
       2015           1           1           1
#  Timestep    No_Moles    No_Specs   Si192O384
       2020           1           1           1
#  Timestep    No_Moles    No_Specs   Si192O384
       2025           1           1           1
#  Timestep    No_Moles    No_Specs   Si192O384
       2030           1           1           1
#  Timestep    No_Moles    No_Specs   Si192O384
       2035           1           1           1
#  Timestep    No_Moles    No_Specs   Si192O384
       2040           1           1           1
#  Timestep    No_Moles    No_Specs   Si192O384
       2045           1           1           1
#  Timestep    No_Moles    No_Specs   Si192O384
       2050           1           1           1
#  Timestep    No_Moles    No_Specs   Si192O384
       2055           1           1           1
#  Timestep    No_Moles    No_Specs   Si192O384
       2060           1           1           1
#  Timestep    No_Moles    No_Specs   Si192O384
       2065           1           1           1
#  Timestep    No_Moles    No_Specs   Si192O384
       2070           1           1           1
#  Timestep    No_Moles    No_Specs   Si192O384
       2075           1           1           1
#  Timestep    No_Moles    No_Specs   Si192O384
       2080           1           1           1
#  Timestep    No_Moles    No_Specs   Si192O384
       2085           1           1           1
#  Timestep    No_Moles    No_Specs   Si192O384
       2090           1           1           1
#  Timestep    No_Moles    No_Specs   Si192O384
       2095           1           1           1
#  Timestep    No_Moles    No_Specs   Si192O384
       2100           1           1           1
#  Timestep    No_Moles    No_Specs   Si192O384
       2105           1           1           1
#  Timestep    No_Moles    No_Specs   Si192O384
       2110           1           1           1
#  Timestep    No_Moles    No_Specs   Si192O384
       2115           1           1           1
#  Timestep    No_Moles    No_Specs   Si192O384
       2120           1           1           1
#  Timestep    No_Moles    No_Specs   Si192O384
       2125           1           1           1
#  Timestep    No_Moles    No_Specs   Si192O384
       2130           1           1           1
#  Timestep    No_Moles    No_Specs   Si192O384
       2135           1           1           1
#  Timestep    No_Moles    No_Specs   Si192O384
       2140           1           1           1
#  Timestep    No_Moles    No_Specs   Si192O384
       2145           1           1           1
#  Timestep    No_Moles    No_Specs   Si192O384
       2150           1           1           1
#  Timestep    No_Moles    No_Specs   Si192O384
       2155           1           1           1
#  Timestep    No_Moles    No_Specs   Si192O384
       2160           1           1           1
#  Timestep    No_Moles    No_Specs   Si192O384
       2165           1           1           1
#  Timestep    No_Moles    No_Specs   Si192O384
       2170           1           1           1
#  Timestep    No_Moles    No_Specs   Si192O384
       2175           1           1           1
#  Timestep    No_Moles    No_Specs   Si192O384
       2180           1           1           1
#  Timestep    No_Moles    No_Specs   Si192O384
       2185           1           1           1
#  Timestep    No_Moles    No_Specs   Si192O384
       2190           1           1           1
#  Timestep    No_Moles    No_Specs   Si192O384
       2195           1           1           1
#  Timestep    No_Moles    No_Specs   Si192O384
       2200           1           1           1
#  Timestep    No_Moles    No_Specs   Si192O384
       2205           1           1           1
#  Timestep    No_Moles    No_Specs   Si192O384
       2210           1           1           1
#  Timestep    No_Moles    No_Specs   Si192O384
       2215           1           1           1
#  Timestep    No_Moles    No_Specs   Si192O384
       2220           1           1           1
#  Timestep    No_Moles    No_Specs   Si192O384
       2225           1           1           1
#  Timestep    No_Moles    No_Specs   Si192O384
       2230           1           1           1
#  Timestep    No_Moles    No_Specs   Si192O384
       2235           1           1           1
#  Timestep    No_Moles    No_Specs   Si192O384
       2240           1           1           1
#  Timestep    No_Moles    No_Specs   Si192O384
       2245           1           1           1
#  Timestep    No_Moles    No_Specs   Si192O384
       2250           1           1           1
#  Timestep    No_Moles    No_Specs   Si192O384
       2255           1           1           1
#  Timestep    No_Moles    No_Specs   Si192O384
       2260           1           1           1
#  Timestep    No_Moles    No_Specs   Si192O384
       2265           1           1           1
#  Timestep    No_Moles    No_Specs   Si192O384
       2270           1           1           1
#  Timestep    No_Moles    No_Specs   Si192O384
       2275           1           1           1
#  Timestep    No_Moles    No_Specs   Si192O384
       2280           1           1           1
#  Timestep    No_Moles    No_Specs   Si192O384
       2285           1           1           1
#  Timestep    No_Moles    No_Specs   Si192O384
       2290           1           1           1
#  Timestep    No_Moles    No_Specs   Si192O384
       2295           1           1           1
#  Timestep    No_Moles    No_Specs   Si192O384
       2300           1           1           1
#  Timestep    No_Moles    No_Specs   Si192O384
       2305           1           1           1
#  Timestep    No_Moles    No_Specs   Si192O384
       2310           1           1           1
#  Timestep    No_Moles    No_Specs   Si192O384
       2315           1           1           1
#  Timestep    No_Moles    No_Specs   Si192O384
       2320           1           1           1
#  Timestep    No_Moles    No_Specs   Si192O384
       2325           1           1           1
#  Timestep    No_Moles    No_Specs   Si192O384
       2330           1           1           1
#  Timestep    No_Moles    No_Specs   Si192O384
       2335           1           1           1
#  Timestep    No_Moles    No_Specs   Si192O384
       2340           1           1           1
#  Timestep    No_Moles    No_Specs   Si192O384
       2345           1           1           1
#  Timestep    No_Moles    No_Specs   Si192O384
       2350           1           1           1
#  Timestep    No_Moles    No_Specs   Si192O384
       2355           1           1           1
#  Timestep    No_Moles    No_Specs   Si192O384
       2360           1           1           1
#  Timestep    No_Moles    No_Specs   Si192O384
       2365           1           1           1
#  Timestep    No_Moles    No_Specs   Si192O384
       2370           1           1           1
#  Timestep    No_Moles    No_Specs   Si192O384
       2375           1           1           1
#  Timestep    No_Moles    No_Specs   Si192O384
       2380           1           1           1
#  Timestep    No_Moles    No_Specs   Si192O384
       2385           1           1           1
#  Timestep    No_Moles    No_Specs   Si192O384
       2390           1           1           1
#  Timestep    No_Moles    No_Specs   Si192O384
       2395           1           1           1
#  Timestep    No_Moles    No_Specs   Si192O384
       2400           1           1           1
#  Timestep    No_Moles    No_Specs   Si192O384
       2405           1           1           1
#  Timestep    No_Moles    No_Specs   Si192O384
       2410           1           1           1
#  Timestep    No_Moles    No_Specs   Si192O384
       2415           1           1           1
#  Timestep    No_Moles    No_Specs   Si192O384
       2420           1           1           1
#  Timestep    No_Moles    No_Specs   Si192O384
       2425           1           1           1
#  Timestep    No_Moles    No_Specs   Si192O384
       2430           1           1           1
#  Timestep    No_Moles    No_Specs   Si192O384
       2435           1           1           1
#  Timestep    No_Moles    No_Specs   Si192O384
       2440           1           1           1
#  Timestep    No_Moles    No_Specs   Si192O384
       2445           1           1           1
#  Timestep    No_Moles    No_Specs   Si192O384
       2450           1           1           1
#  Timestep    No_Moles    No_Specs   Si192O384
       2455           1           1           1
#  Timestep    No_Moles    No_Specs   Si192O384
       2460           1           1           1
#  Timestep    No_Moles    No_Specs   Si192O384
       2465           1           1           1
#  Timestep    No_Moles    No_Specs   Si192O384
       2470           1           1           1
#  Timestep    No_Moles    No_Specs   Si192O384
       2475           1           1           1
#  Timestep    No_Moles    No_Specs   Si192O384
       2480           1           1           1
#  Timestep    No_Moles    No_Specs   Si192O384
       2485           1           1           1
#  Timestep    No_Moles    No_Specs   Si192O384
       2490           1           1           1
#  Timestep    No_Moles    No_Specs   Si192O384
       2495           1           1           1
#  Timestep    No_Moles    No_Specs   Si192O384
       2500           1           1           1
#  Timestep    No_Moles    No_Specs   Si192O384
       2505           1           1           1
#  Timestep    No_Moles    No_Specs   Si192O384
       2510           1           1           1
#  Timestep    No_Moles    No_Specs   Si192O384
       2515           1           1           1
#  Timestep    No_Moles    No_Specs   Si192O384
       2520           1           1           1
#  Timestep    No_Moles    No_Specs   Si192O384
       2525           1           1           1
#  Timestep    No_Moles    No_Specs   Si192O384
       2530           1           1           1
#  Timestep    No_Moles    No_Specs   Si192O384
       2535           1           1           1
#  Timestep    No_Moles    No_Specs   Si192O384
       2540           1           1           1
#  Timestep    No_Moles    No_Specs   Si192O384
       2545           1           1           1
#  Timestep    No_Moles    No_Specs   Si192O384
       2550           1           1           1
#  Timestep    No_Moles    No_Specs   Si192O384
       2555           1           1           1
#  Timestep    No_Moles    No_Specs   Si192O384
       2560           1           1           1
#  Timestep    No_Moles    No_Specs   Si192O384
       2565           1           1           1
#  Timestep    No_Moles    No_Specs   Si192O384
       2570           1           1           1
#  Timestep    No_Moles    No_Specs   Si192O384
       2575           1           1           1
#  Timestep    No_Moles    No_Specs   Si192O384
       2580           1           1           1
#  Timestep    No_Moles    No_Specs   Si192O384
       2585           1           1           1
#  Timestep    No_Moles    No_Specs   Si192O384
       2590           1           1           1
#  Timestep    No_Moles    No_Specs   Si192O384
       2595           1           1           1
#  Timestep    No_Moles    No_Specs   Si192O384
       2600           1           1           1
#  Timestep    No_Moles    No_Specs   Si192O384
       2605           1           1           1
#  Timestep    No_Moles    No_Specs   Si192O384
       2610           1           1           1
#  Timestep    No_Moles    No_Specs   Si192O384
       2615           1           1           1
#  Timestep    No_Moles    No_Specs   Si192O384
       2620           1           1           1
#  Timestep    No_Moles    No_Specs   Si192O384
       2625           1           1           1
#  Timestep    No_Moles    No_Specs   Si192O384
       2630           1           1           1
#  Timestep    No_Moles    No_Specs   Si192O384
       2635           1           1           1
#  Timestep    No_Moles    No_Specs   Si192O384
       2640           1           1           1
#  Timestep    No_Moles    No_Specs   Si192O384
       2645           1           1           1
#  Timestep    No_Moles    No_Specs   Si192O384
       2650           1           1           1
#  Timestep    No_Moles    No_Specs   Si192O384
       2655           1           1           1
#  Timestep    No_Moles    No_Specs   Si192O384
       2660           1           1           1
#  Timestep    No_Moles    No_Specs   Si192O384
       2665           1           1           1
#  Timestep    No_Moles    No_Specs   Si192O384
       2670           1           1           1
#  Timestep    No_Moles    No_Specs   Si192O384
       2675           1           1           1
#  Timestep    No_Moles    No_Specs   Si192O384
       2680           1           1           1
#  Timestep    No_Moles    No_Specs   Si192O384
       2685           1           1           1
#  Timestep    No_Moles    No_Specs   Si192O384
       2690           1           1           1
#  Timestep    No_Moles    No_Specs   Si192O384
       2695           1           1           1
#  Timestep    No_Moles    No_Specs   Si192O384
       2700           1           1           1
#  Timestep    No_Moles    No_Specs   Si192O384
       2705           1           1           1
#  Timestep    No_Moles    No_Specs   Si192O384
       2710           1           1           1
#  Timestep    No_Moles    No_Specs   Si192O384
       2715           1           1           1
#  Timestep    No_Moles    No_Specs   Si192O384
       2720           1           1           1
#  Timestep    No_Moles    No_Specs   Si192O384
       2725           1           1           1
#  Timestep    No_Moles    No_Specs   Si192O384
       2730           1           1           1
#  Timestep    No_Moles    No_Specs   Si192O384
       2735           1           1           1
#  Timestep    No_Moles    No_Specs   Si192O384
       2740           1           1           1
#  Timestep    No_Moles    No_Specs   Si192O384
       2745           1           1           1
#  Timestep    No_Moles    No_Specs   Si192O384
       2750           1           1           1
#  Timestep    No_Moles    No_Specs   Si192O384
       2755           1           1           1
#  Timestep    No_Moles    No_Specs   Si192O384
       2760           1           1           1
#  Timestep    No_Moles    No_Specs   Si192O384
       2765           1           1           1
#  Timestep    No_Moles    No_Specs   Si192O384
       2770           1           1           1
#  Timestep    No_Moles    No_Specs   Si192O384
       2775           1           1           1
#  Timestep    No_Moles    No_Specs   Si192O384
       2780           1           1           1
#  Timestep    No_Moles    No_Specs   Si192O384
       2785           1           1           1
#  Timestep    No_Moles    No_Specs   Si192O384
       2790           1           1           1
#  Timestep    No_Moles    No_Specs   Si192O384
       2795           1           1           1
#  Timestep    No_Moles    No_Specs   Si192O384
       2800           1           1           1
#  Timestep    No_Moles    No_Specs   Si192O384
       2805           1           1           1
#  Timestep    No_Moles    No_Specs   Si192O384
       2810           1           1           1
#  Timestep    No_Moles    No_Specs   Si192O384
       2815           1           1           1
#  Timestep    No_Moles    No_Specs   Si192O384
       2820           1           1           1
#  Timestep    No_Moles    No_Specs   Si192O384
       2825           1           1           1
#  Timestep    No_Moles    No_Specs   Si192O384
       2830           1           1           1
#  Timestep    No_Moles    No_Specs   Si192O384
       2835           1           1           1
#  Timestep    No_Moles    No_Specs   Si192O384
       2840           1           1           1
#  Timestep    No_Moles    No_Specs   Si192O384
       2845           1           1           1
#  Timestep    No_Moles    No_Specs   Si192O384
       2850           1           1           1
#  Timestep    No_Moles    No_Specs   Si192O384
       2855           1           1           1
#  Timestep    No_Moles    No_Specs   Si192O384
       2860           1           1           1
#  Timestep    No_Moles    No_Specs   Si192O384
       2865           1           1           1
#  Timestep    No_Moles    No_Specs   Si192O384
       2870           1           1           1
#  Timestep    No_Moles    No_Specs   Si192O384
       2875           1           1           1
#  Timestep    No_Moles    No_Specs   Si192O384
       2880           1           1           1
#  Timestep    No_Moles    No_Specs   Si192O384
       2885           1           1           1
#  Timestep    No_Moles    No_Specs   Si192O384
       2890           1           1           1
#  Timestep    No_Moles    No_Specs   Si192O384
       2895           1           1           1
#  Timestep    No_Moles    No_Specs   Si192O384
       2900           1           1           1
#  Timestep    No_Moles    No_Specs   Si192O384
       2905           1           1           1
#  Timestep    No_Moles    No_Specs   Si192O384
       2910           1           1           1
#  Timestep    No_Moles    No_Specs   Si192O384
       2915           1           1           1
#  Timestep    No_Moles    No_Specs   Si192O384
       2920           1           1           1
#  Timestep    No_Moles    No_Specs   Si192O384
       2925           1           1           1
#  Timestep    No_Moles    No_Specs   Si192O384
       2930           1           1           1
#  Timestep    No_Moles    No_Specs   Si192O384
       2935           1           1           1
#  Timestep    No_Moles    No_Specs   Si192O384
       2940           1           1           1
#  Timestep    No_Moles    No_Specs   Si192O384
       2945           1           1           1
#  Timestep    No_Moles    No_Specs   Si192O384
       2950           1           1           1
#  Timestep    No_Moles    No_Specs   Si192O384
       2955           1           1           1
#  Timestep    No_Moles    No_Specs   Si192O384
       2960           1           1           1
#  Timestep    No_Moles    No_Specs   Si192O384
       2965           1           1           1
#  Timestep    No_Moles    No_Specs   Si192O384
       2970           1           1           1
#  Timestep    No_Moles    No_Specs   Si192O384
       2975           1           1           1
#  Timestep    No_Moles    No_Specs   Si192O384
       2980           1           1           1
#  Timestep    No_Moles    No_Specs   Si192O384
       2985           1           1           1
#  Timestep    No_Moles    No_Specs   Si192O384
       2990           1           1           1
#  Timestep    No_Moles    No_Specs   Si192O384
       2995           1           1           1
#  Timestep    No_Moles    No_Specs   Si192O384
       3000           1           1           1
#  Timestep    No_Moles    No_Specs   Si192O384
       3005           1           1           1
#  Timestep    No_Moles    No_Specs   Si192O384
       3010           1           1           1
#  Timestep    No_Moles    No_Specs   Si192O384
       3015           1           1           1
#  Timestep    No_Moles    No_Specs   Si192O384
       3020           1           1           1
#  Timestep    No_Moles    No_Specs   Si192O384
       3025           1           1           1
#  Timestep    No_Moles    No_Specs   Si192O384
       3030           1           1           1
#  Timestep    No_Moles    No_Specs   Si192O384
       3035           1           1           1
#  Timestep    No_Moles    No_Specs   Si192O384
       3040           1           1           1
#  Timestep    No_Moles    No_Specs   Si192O384
       3045           1           1           1
#  Timestep    No_Moles    No_Specs   Si192O384
       3050           1           1           1
#  Timestep    No_Moles    No_Specs   Si192O384
       3055           1           1           1
#  Timestep    No_Moles    No_Specs   Si192O384
       3060           1           1           1
#  Timestep    No_Moles    No_Specs   Si192O384
       3065           1           1           1
#  Timestep    No_Moles    No_Specs   Si192O384
       3070           1           1           1
#  Timestep    No_Moles    No_Specs   Si192O384
       3075           1           1           1
#  Timestep    No_Moles    No_Specs   Si192O384
       3080           1           1           1
#  Timestep    No_Moles    No_Specs   Si192O384
       3085           1           1           1
#  Timestep    No_Moles    No_Specs   Si192O384
       3090           1           1           1
#  Timestep    No_Moles    No_Specs   Si192O384
       3095           1           1           1
#  Timestep    No_Moles    No_Specs   Si192O384
       3100           1           1           1
#  Timestep    No_Moles    No_Specs   Si192O384
       3105           1           1           1
#  Timestep    No_Moles    No_Specs   Si192O384
       3110           1           1           1
#  Timestep    No_Moles    No_Specs   Si192O384
       3115           1           1           1
#  Timestep    No_Moles    No_Specs   Si192O384
       3120           1           1           1
#  Timestep    No_Moles    No_Specs   Si192O384
       3125           1           1           1
#  Timestep    No_Moles    No_Specs   Si192O384
       3130           1           1           1
#  Timestep    No_Moles    No_Specs   Si192O384
       3135           1           1           1
#  Timestep    No_Moles    No_Specs   Si192O384
       3140           1           1           1
#  Timestep    No_Moles    No_Specs   Si192O384
       3145           1           1           1
#  Timestep    No_Moles    No_Specs   Si192O384
       3150           1           1           1
#  Timestep    No_Moles    No_Specs   Si192O384
       3155           1           1           1
#  Timestep    No_Moles    No_Specs   Si192O384
       3160           1           1           1
#  Timestep    No_Moles    No_Specs   Si192O384
       3165           1           1           1
#  Timestep    No_Moles    No_Specs   Si192O384
       3170           1           1           1
#  Timestep    No_Moles    No_Specs   Si192O384
       3175           1           1           1
#  Timestep    No_Moles    No_Specs   Si192O384
       3180           1           1           1
#  Timestep    No_Moles    No_Specs   Si192O384
       3185           1           1           1
#  Timestep    No_Moles    No_Specs   Si192O384
       3190           1           1           1
#  Timestep    No_Moles    No_Specs   Si192O384
       3195           1           1           1
#  Timestep    No_Moles    No_Specs   Si192O384
       3200           1           1           1
#  Timestep    No_Moles    No_Specs   Si192O384
       3205           1           1           1
#  Timestep    No_Moles    No_Specs   Si192O384
       3210           1           1           1
#  Timestep    No_Moles    No_Specs   Si192O384
       3215           1           1           1
#  Timestep    No_Moles    No_Specs   Si192O384
       3220           1           1           1
#  Timestep    No_Moles    No_Specs   Si192O384
       3225           1           1           1
#  Timestep    No_Moles    No_Specs   Si192O384
       3230           1           1           1
#  Timestep    No_Moles    No_Specs   Si192O384
       3235           1           1           1
#  Timestep    No_Moles    No_Specs   Si192O384
       3240           1           1           1
#  Timestep    No_Moles    No_Specs   Si192O384
       3245           1           1           1
#  Timestep    No_Moles    No_Specs   Si192O384
       3250           1           1           1
#  Timestep    No_Moles    No_Specs   Si192O384
       3255           1           1           1
#  Timestep    No_Moles    No_Specs   Si192O384
       3260           1           1           1
#  Timestep    No_Moles    No_Specs   Si192O384
       3265           1           1           1
#  Timestep    No_Moles    No_Specs   Si192O384
       3270           1           1           1
#  Timestep    No_Moles    No_Specs   Si192O384
       3275           1           1           1
#  Timestep    No_Moles    No_Specs   Si192O384
       3280           1           1           1
#  Timestep    No_Moles    No_Specs   Si192O384
       3285           1           1           1
#  Timestep    No_Moles    No_Specs   Si192O384
       3290           1           1           1
#  Timestep    No_Moles    No_Specs   Si192O384
       3295           1           1           1
#  Timestep    No_Moles    No_Specs   Si192O384
       3300           1           1           1
#  Timestep    No_Moles    No_Specs   Si192O384
       3305           1           1           1
#  Timestep    No_Moles    No_Specs   Si192O384
       3310           1           1           1
#  Timestep    No_Moles    No_Specs   Si192O384
       3315           1           1           1
#  Timestep    No_Moles    No_Specs   Si192O384
       3320           1           1           1
#  Timestep    No_Moles    No_Specs   Si192O384
       3325           1           1           1
#  Timestep    No_Moles    No_Specs   Si192O384
       3330           1           1           1
#  Timestep    No_Moles    No_Specs   Si192O384
       3335           1           1           1
#  Timestep    No_Moles    No_Specs   Si192O384
       3340           1           1           1
#  Timestep    No_Moles    No_Specs   Si192O384
       3345           1           1           1
#  Timestep    No_Moles    No_Specs   Si192O384
       3350           1           1           1
#  Timestep    No_Moles    No_Specs   Si192O384
       3355           1           1           1
#  Timestep    No_Moles    No_Specs   Si192O384
       3360           1           1           1
#  Timestep    No_Moles    No_Specs   Si192O384
       3365           1           1           1
#  Timestep    No_Moles    No_Specs   Si192O384
       3370           1           1           1
#  Timestep    No_Moles    No_Specs   Si192O384
       3375           1           1           1
#  Timestep    No_Moles    No_Specs   Si192O384
       3380           1           1           1
#  Timestep    No_Moles    No_Specs   Si192O384
       3385           1           1           1
#  Timestep    No_Moles    No_Specs   Si192O384
       3390           1           1           1
#  Timestep    No_Moles    No_Specs   Si192O384
       3395           1           1           1
#  Timestep    No_Moles    No_Specs   Si192O384
       3400           1           1           1
#  Timestep    No_Moles    No_Specs   Si192O384
       3405           1           1           1
#  Timestep    No_Moles    No_Specs   Si192O384
       3410           1           1           1
#  Timestep    No_Moles    No_Specs   Si192O384
       3415           1           1           1
#  Timestep    No_Moles    No_Specs   Si192O384
       3420           1           1           1
#  Timestep    No_Moles    No_Specs   Si192O384
       3425           1           1           1
#  Timestep    No_Moles    No_Specs   Si192O384
       3430           1           1           1
#  Timestep    No_Moles    No_Specs   Si192O384
       3435           1           1           1
#  Timestep    No_Moles    No_Specs   Si192O384
       3440           1           1           1
#  Timestep    No_Moles    No_Specs   Si192O384
       3445           1           1           1
#  Timestep    No_Moles    No_Specs   Si192O384
       3450           1           1           1
#  Timestep    No_Moles    No_Specs   Si192O384
       3455           1           1           1
#  Timestep    No_Moles    No_Specs   Si192O384
       3460           1           1           1
#  Timestep    No_Moles    No_Specs   Si192O384
       3465           1           1           1
#  Timestep    No_Moles    No_Specs   Si192O384
       3470           1           1           1
#  Timestep    No_Moles    No_Specs   Si192O384
       3475           1           1           1
#  Timestep    No_Moles    No_Specs   Si192O384
       3480           1           1           1
#  Timestep    No_Moles    No_Specs   Si192O384
       3485           1           1           1
#  Timestep    No_Moles    No_Specs   Si192O384
       3490           1           1           1
#  Timestep    No_Moles    No_Specs   Si192O384
       3495           1           1           1
#  Timestep    No_Moles    No_Specs   Si192O384
       3500           1           1           1
#  Timestep    No_Moles    No_Specs   Si192O384
       3505           1           1           1
#  Timestep    No_Moles    No_Specs   Si192O384
       3510           1           1           1
#  Timestep    No_Moles    No_Specs   Si192O384
       3515           1           1           1
#  Timestep    No_Moles    No_Specs   Si192O384
       3520           1           1           1
#  Timestep    No_Moles    No_Specs   Si192O384
       3525           1           1           1
#  Timestep    No_Moles    No_Specs   Si192O384
       3530           1           1           1
#  Timestep    No_Moles    No_Specs   Si192O384
       3535           1           1           1
#  Timestep    No_Moles    No_Specs   Si192O384
       3540           1           1           1
#  Timestep    No_Moles    No_Specs   Si192O384
       3545           1           1           1
#  Timestep    No_Moles    No_Specs   Si192O384
       3550           1           1           1
#  Timestep    No_Moles    No_Specs   Si192O384
       3555           1           1           1
#  Timestep    No_Moles    No_Specs   Si192O384
       3560           1           1           1
#  Timestep    No_Moles    No_Specs   Si192O384
       3565           1           1           1
#  Timestep    No_Moles    No_Specs   Si192O384
       3570           1           1           1
#  Timestep    No_Moles    No_Specs   Si192O384
       3575           1           1           1
#  Timestep    No_Moles    No_Specs   Si192O384
       3580           1           1           1
#  Timestep    No_Moles    No_Specs   Si192O384
       3585           1           1           1
#  Timestep    No_Moles    No_Specs   Si192O384
       3590           1           1           1
#  Timestep    No_Moles    No_Specs   Si192O384
       3595           1           1           1
#  Timestep    No_Moles    No_Specs   Si192O384
       3600           1           1           1
#  Timestep    No_Moles    No_Specs   Si192O384
       3605           1           1           1
#  Timestep    No_Moles    No_Specs   Si192O384
       3610           1           1           1
#  Timestep    No_Moles    No_Specs   Si192O384
       3615           1           1           1
#  Timestep    No_Moles    No_Specs   Si192O384
       3620           1           1           1
#  Timestep    No_Moles    No_Specs   Si192O384
       3625           1           1           1
#  Timestep    No_Moles    No_Specs   Si192O384
       3630           1           1           1
#  Timestep    No_Moles    No_Specs   Si192O384
       3635           1           1           1
#  Timestep    No_Moles    No_Specs   Si192O384
       3640           1           1           1
#  Timestep    No_Moles    No_Specs   Si192O384
       3645           1           1           1
#  Timestep    No_Moles    No_Specs   Si192O384
       3650           1           1           1
#  Timestep    No_Moles    No_Specs   Si192O384
       3655           1           1           1
#  Timestep    No_Moles    No_Specs   Si192O384
       3660           1           1           1
#  Timestep    No_Moles    No_Specs   Si192O384
       3665           1           1           1
#  Timestep    No_Moles    No_Specs   Si192O384
       3670           1           1           1
#  Timestep    No_Moles    No_Specs   Si192O384
       3675           1           1           1
#  Timestep    No_Moles    No_Specs   Si192O384
       3680           1           1           1
#  Timestep    No_Moles    No_Specs   Si192O384
       3685           1           1           1
#  Timestep    No_Moles    No_Specs   Si192O384
       3690           1           1           1
#  Timestep    No_Moles    No_Specs   Si192O384
       3695           1           1           1
#  Timestep    No_Moles    No_Specs   Si192O384
       3700           1           1           1
#  Timestep    No_Moles    No_Specs   Si192O384
       3705           1           1           1
#  Timestep    No_Moles    No_Specs   Si192O384
       3710           1           1           1
#  Timestep    No_Moles    No_Specs   Si192O384
       3715           1           1           1
#  Timestep    No_Moles    No_Specs   Si192O384
       3720           1           1           1
#  Timestep    No_Moles    No_Specs   Si192O384
       3725           1           1           1
#  Timestep    No_Moles    No_Specs   Si192O384
       3730           1           1           1
#  Timestep    No_Moles    No_Specs   Si192O384
       3735           1           1           1
#  Timestep    No_Moles    No_Specs   Si192O384
       3740           1           1           1
#  Timestep    No_Moles    No_Specs   Si192O384
       3745           1           1           1
#  Timestep    No_Moles    No_Specs   Si192O384
       3750           1           1           1
#  Timestep    No_Moles    No_Specs   Si192O384
       3755           1           1           1
#  Timestep    No_Moles    No_Specs   Si192O384
       3760           1           1           1
#  Timestep    No_Moles    No_Specs   Si192O384
       3765           1           1           1
#  Timestep    No_Moles    No_Specs   Si192O384
       3770           1           1           1
#  Timestep    No_Moles    No_Specs   Si192O384
       3775           1           1           1
#  Timestep    No_Moles    No_Specs   Si192O384
       3780           1           1           1
#  Timestep    No_Moles    No_Specs   Si192O384
       3785           1           1           1
#  Timestep    No_Moles    No_Specs   Si192O384
       3790           1           1           1
#  Timestep    No_Moles    No_Specs   Si192O384
       3795           1           1           1
#  Timestep    No_Moles    No_Specs   Si192O384
       3800           1           1           1
#  Timestep    No_Moles    No_Specs   Si192O384
       3805           1           1           1
#  Timestep    No_Moles    No_Specs   Si192O384
       3810           1           1           1
#  Timestep    No_Moles    No_Specs   Si192O384
       3815           1           1           1
#  Timestep    No_Moles    No_Specs   Si192O384
       3820           1           1           1
#  Timestep    No_Moles    No_Specs   Si192O384
       3825           1           1           1
#  Timestep    No_Moles    No_Specs   Si192O384
       3830           1           1           1
#  Timestep    No_Moles    No_Specs   Si192O384
       3835           1           1           1
#  Timestep    No_Moles    No_Specs   Si192O384
       3840           1           1           1
#  Timestep    No_Moles    No_Specs   Si192O384
       3845           1           1           1
#  Timestep    No_Moles    No_Specs   Si192O384
       3850           1           1           1
#  Timestep    No_Moles    No_Specs   Si192O384
       3855           1           1           1
#  Timestep    No_Moles    No_Specs   Si192O384
       3860           1           1           1
#  Timestep    No_Moles    No_Specs   Si192O384
       3865           1           1           1
#  Timestep    No_Moles    No_Specs   Si192O384
       3870           1           1           1
#  Timestep    No_Moles    No_Specs   Si192O384
       3875           1           1           1
#  Timestep    No_Moles    No_Specs   Si192O384
       3880           1           1           1
#  Timestep    No_Moles    No_Specs   Si192O384
       3885           1           1           1
#  Timestep    No_Moles    No_Specs   Si192O384
       3890           1           1           1
#  Timestep    No_Moles    No_Specs   Si192O384
       3895           1           1           1
#  Timestep    No_Moles    No_Specs   Si192O384
       3900           1           1           1
#  Timestep    No_Moles    No_Specs   Si192O384
       3905           1           1           1
#  Timestep    No_Moles    No_Specs   Si192O384
       3910           1           1           1
#  Timestep    No_Moles    No_Specs   Si192O384
       3915           1           1           1
#  Timestep    No_Moles    No_Specs   Si192O384
       3920           1           1           1
#  Timestep    No_Moles    No_Specs   Si192O384
       3925           1           1           1
#  Timestep    No_Moles    No_Specs   Si192O384
       3930           1           1           1
#  Timestep    No_Moles    No_Specs   Si192O384
       3935           1           1           1
#  Timestep    No_Moles    No_Specs   Si192O384
       3940           1           1           1
#  Timestep    No_Moles    No_Specs   Si192O384
       3945           1           1           1
#  Timestep    No_Moles    No_Specs   Si192O384
       3950           1           1           1
#  Timestep    No_Moles    No_Specs   Si192O384
       3955           1           1           1
#  Timestep    No_Moles    No_Specs   Si192O384
       3960           1           1           1
#  Timestep    No_Moles    No_Specs   Si192O384
       3965           1           1           1
#  Timestep    No_Moles    No_Specs   Si192O384
       3970           1           1           1
#  Timestep    No_Moles    No_Specs   Si192O384
       3975           1           1           1
#  Timestep    No_Moles    No_Specs   Si192O384
       3980           1           1           1
#  Timestep    No_Moles    No_Specs   Si192O384
       3985           1           1           1
#  Timestep    No_Moles    No_Specs   Si192O384
       3990           1           1           1
#  Timestep    No_Moles    No_Specs   Si192O384
       3995           1           1           1
#  Timestep    No_Moles    No_Specs   Si192O384
       4000           1           1           1
#  Timestep    No_Moles    No_Specs   Si192O384
       4005           1           1           1
#  Timestep    No_Moles    No_Specs   Si192O384
       4010           1           1           1
#  Timestep    No_Moles    No_Specs   Si192O384
       4015           1           1           1
#  Timestep    No_Moles    No_Specs   Si192O384
       4020           1           1           1
#  Timestep    No_Moles    No_Specs   Si192O384
       4025           1           1           1
#  Timestep    No_Moles    No_Specs   Si192O384
       4030           1           1           1
#  Timestep    No_Moles    No_Specs   Si192O384
       4035           1           1           1
#  Timestep    No_Moles    No_Specs   Si192O384
       4040           1           1           1
#  Timestep    No_Moles    No_Specs   Si192O384
       4045           1           1           1
#  Timestep    No_Moles    No_Specs   Si192O384
       4050           1           1           1
#  Timestep    No_Moles    No_Specs   Si192O384
       4055           1           1           1
#  Timestep    No_Moles    No_Specs   Si192O384
       4060           1           1           1
#  Timestep    No_Moles    No_Specs   Si192O384
       4065           1           1           1
#  Timestep    No_Moles    No_Specs   Si192O384
       4070           1           1           1
#  Timestep    No_Moles    No_Specs   Si192O384
       4075           1           1           1
#  Timestep    No_Moles    No_Specs   Si192O384
       4080           1           1           1
#  Timestep    No_Moles    No_Specs   Si192O384
       4085           1           1           1
#  Timestep    No_Moles    No_Specs   Si192O384
       4090           1           1           1
#  Timestep    No_Moles    No_Specs   Si192O384
       4095           1           1           1
#  Timestep    No_Moles    No_Specs   Si192O384
       4100           1           1           1
#  Timestep    No_Moles    No_Specs   Si192O384
       4105           1           1           1
#  Timestep    No_Moles    No_Specs   Si192O384
       4110           1           1           1
#  Timestep    No_Moles    No_Specs   Si192O384
       4115           1           1           1
#  Timestep    No_Moles    No_Specs   Si192O384
       4120           1           1           1
#  Timestep    No_Moles    No_Specs   Si192O384
       4125           1           1           1
#  Timestep    No_Moles    No_Specs   Si192O384
       4130           1           1           1
#  Timestep    No_Moles    No_Specs   Si192O384
       4135           1           1           1
#  Timestep    No_Moles    No_Specs   Si192O384
       4140           1           1           1
#  Timestep    No_Moles    No_Specs   Si192O384
       4145           1           1           1
#  Timestep    No_Moles    No_Specs   Si192O384
       4150           1           1           1
#  Timestep    No_Moles    No_Specs   Si192O384
       4155           1           1           1
#  Timestep    No_Moles    No_Specs   Si192O384
       4160           1           1           1
#  Timestep    No_Moles    No_Specs   Si192O384
       4165           1           1           1
#  Timestep    No_Moles    No_Specs   Si192O384
       4170           1           1           1
#  Timestep    No_Moles    No_Specs   Si192O384
       4175           1           1           1
#  Timestep    No_Moles    No_Specs   Si192O384
       4180           1           1           1
#  Timestep    No_Moles    No_Specs   Si192O384
       4185           1           1           1
#  Timestep    No_Moles    No_Specs   Si192O384
       4190           1           1           1
#  Timestep    No_Moles    No_Specs   Si192O384
       4195           1           1           1
#  Timestep    No_Moles    No_Specs   Si192O384
       4200           1           1           1
#  Timestep    No_Moles    No_Specs   Si192O384
       4205           1           1           1
#  Timestep    No_Moles    No_Specs   Si192O384
       4210           1           1           1
#  Timestep    No_Moles    No_Specs   Si192O384
       4215           1           1           1
#  Timestep    No_Moles    No_Specs   Si192O384
       4220           1           1           1
#  Timestep    No_Moles    No_Specs   Si192O384
       4225           1           1           1
#  Timestep    No_Moles    No_Specs   Si192O384
       4230           1           1           1
#  Timestep    No_Moles    No_Specs   Si192O384
       4235           1           1           1
#  Timestep    No_Moles    No_Specs   Si192O384
       4240           1           1           1
#  Timestep    No_Moles    No_Specs   Si192O384
       4245           1           1           1
#  Timestep    No_Moles    No_Specs   Si192O384
       4250           1           1           1
#  Timestep    No_Moles    No_Specs   Si192O384
       4255           1           1           1
#  Timestep    No_Moles    No_Specs   Si192O384
       4260           1           1           1
#  Timestep    No_Moles    No_Specs   Si192O384
       4265           1           1           1
#  Timestep    No_Moles    No_Specs   Si192O384
       4270           1           1           1
#  Timestep    No_Moles    No_Specs   Si192O384
       4275           1           1           1
#  Timestep    No_Moles    No_Specs   Si192O384
       4280           1           1           1
#  Timestep    No_Moles    No_Specs   Si192O384
       4285           1           1           1
#  Timestep    No_Moles    No_Specs   Si192O384
       4290           1           1           1
#  Timestep    No_Moles    No_Specs   Si192O384
       4295           1           1           1
#  Timestep    No_Moles    No_Specs   Si192O384
       4300           1           1           1
#  Timestep    No_Moles    No_Specs   Si192O384
       4305           1           1           1
#  Timestep    No_Moles    No_Specs   Si192O384
       4310           1           1           1
#  Timestep    No_Moles    No_Specs   Si192O384
       4315           1           1           1
#  Timestep    No_Moles    No_Specs   Si192O384
       4320           1           1           1
#  Timestep    No_Moles    No_Specs   Si192O384
       4325           1           1           1
#  Timestep    No_Moles    No_Specs   Si192O384
       4330           1           1           1
#  Timestep    No_Moles    No_Specs   Si192O384
       4335           1           1           1
#  Timestep    No_Moles    No_Specs   Si192O384
       4340           1           1           1
#  Timestep    No_Moles    No_Specs   Si192O384
       4345           1           1           1
#  Timestep    No_Moles    No_Specs   Si192O384
       4350           1           1           1
#  Timestep    No_Moles    No_Specs   Si192O384
       4355           1           1           1
#  Timestep    No_Moles    No_Specs   Si192O384
       4360           1           1           1
#  Timestep    No_Moles    No_Specs   Si192O384
       4365           1           1           1
#  Timestep    No_Moles    No_Specs   Si192O384
       4370           1           1           1
#  Timestep    No_Moles    No_Specs   Si192O384
       4375           1           1           1
#  Timestep    No_Moles    No_Specs   Si192O384
       4380           1           1           1
#  Timestep    No_Moles    No_Specs   Si192O384
       4385           1           1           1
#  Timestep    No_Moles    No_Specs   Si192O384
       4390           1           1           1
#  Timestep    No_Moles    No_Specs   Si192O384
       4395           1           1           1
#  Timestep    No_Moles    No_Specs   Si192O384
       4400           1           1           1
#  Timestep    No_Moles    No_Specs   Si192O384
       4405           1           1           1
#  Timestep    No_Moles    No_Specs   Si192O384
       4410           1           1           1
#  Timestep    No_Moles    No_Specs   Si192O384
       4415           1           1           1
#  Timestep    No_Moles    No_Specs   Si192O384
       4420           1           1           1
#  Timestep    No_Moles    No_Specs   Si192O384
       4425           1           1           1
#  Timestep    No_Moles    No_Specs   Si192O384
       4430           1           1           1
#  Timestep    No_Moles    No_Specs   Si192O384
       4435           1           1           1
#  Timestep    No_Moles    No_Specs   Si192O384
       4440           1           1           1
#  Timestep    No_Moles    No_Specs   Si192O384
       4445           1           1           1
#  Timestep    No_Moles    No_Specs   Si192O384
       4450           1           1           1
#  Timestep    No_Moles    No_Specs   Si192O384
       4455           1           1           1
#  Timestep    No_Moles    No_Specs   Si192O384
       4460           1           1           1
#  Timestep    No_Moles    No_Specs   Si192O384
       4465           1           1           1
#  Timestep    No_Moles    No_Specs   Si192O384
       4470           1           1           1
#  Timestep    No_Moles    No_Specs   Si192O384
       4475           1           1           1
#  Timestep    No_Moles    No_Specs   Si192O384
       4480           1           1           1
#  Timestep    No_Moles    No_Specs   Si192O384
       4485           1           1           1
#  Timestep    No_Moles    No_Specs   Si192O384
       4490           1           1           1
#  Timestep    No_Moles    No_Specs   Si192O384
       4495           1           1           1
#  Timestep    No_Moles    No_Specs   Si192O384
       4500           1           1           1
#  Timestep    No_Moles    No_Specs   Si192O384
       4505           1           1           1
#  Timestep    No_Moles    No_Specs   Si192O384
       4510           1           1           1
#  Timestep    No_Moles    No_Specs   Si192O384
       4515           1           1           1
#  Timestep    No_Moles    No_Specs   Si192O384
       4520           1           1           1
#  Timestep    No_Moles    No_Specs   Si192O384
       4525           1           1           1
#  Timestep    No_Moles    No_Specs   Si192O384
       4530           1           1           1
#  Timestep    No_Moles    No_Specs   Si192O384
       4535           1           1           1
#  Timestep    No_Moles    No_Specs   Si192O384
       4540           1           1           1
#  Timestep    No_Moles    No_Specs   Si192O384
       4545           1           1           1
#  Timestep    No_Moles    No_Specs   Si192O384
       4550           1           1           1
#  Timestep    No_Moles    No_Specs   Si192O384
       4555           1           1           1
#  Timestep    No_Moles    No_Specs   Si192O384
       4560           1           1           1
#  Timestep    No_Moles    No_Specs   Si192O384
       4565           1           1           1
#  Timestep    No_Moles    No_Specs   Si192O384
       4570           1           1           1
#  Timestep    No_Moles    No_Specs   Si192O384
       4575           1           1           1
#  Timestep    No_Moles    No_Specs   Si192O384
       4580           1           1           1
#  Timestep    No_Moles    No_Specs   Si192O384
       4585           1           1           1
#  Timestep    No_Moles    No_Specs   Si192O384
       4590           1           1           1
#  Timestep    No_Moles    No_Specs   Si192O384
       4595           1           1           1
#  Timestep    No_Moles    No_Specs   Si192O384
       4600           1           1           1
#  Timestep    No_Moles    No_Specs   Si192O384
       4605           1           1           1
#  Timestep    No_Moles    No_Specs   Si192O384
       4610           1           1           1
#  Timestep    No_Moles    No_Specs   Si192O384
       4615           1           1           1
#  Timestep    No_Moles    No_Specs   Si192O384
       4620           1           1           1
#  Timestep    No_Moles    No_Specs   Si192O384
       4625           1           1           1
#  Timestep    No_Moles    No_Specs   Si192O384
       4630           1           1           1
#  Timestep    No_Moles    No_Specs   Si192O384
       4635           1           1           1
#  Timestep    No_Moles    No_Specs   Si192O384
       4640           1           1           1
#  Timestep    No_Moles    No_Specs   Si192O384
       4645           1           1           1
#  Timestep    No_Moles    No_Specs   Si192O384
       4650           1           1           1
#  Timestep    No_Moles    No_Specs   Si192O384
       4655           1           1           1
#  Timestep    No_Moles    No_Specs   Si192O384
       4660           1           1           1
#  Timestep    No_Moles    No_Specs   Si192O384
       4665           1           1           1
#  Timestep    No_Moles    No_Specs   Si192O384
       4670           1           1           1
#  Timestep    No_Moles    No_Specs   Si192O384
       4675           1           1           1
#  Timestep    No_Moles    No_Specs   Si192O384
       4680           1           1           1
#  Timestep    No_Moles    No_Specs   Si192O384
       4685           1           1           1
#  Timestep    No_Moles    No_Specs   Si192O384
       4690           1           1           1
#  Timestep    No_Moles    No_Specs   Si192O384
       4695           1           1           1
#  Timestep    No_Moles    No_Specs   Si192O384
       4700           1           1           1
#  Timestep    No_Moles    No_Specs   Si192O384
       4705           1           1           1
#  Timestep    No_Moles    No_Specs   Si192O384
       4710           1           1           1
#  Timestep    No_Moles    No_Specs   Si192O384
       4715           1           1           1
#  Timestep    No_Moles    No_Specs   Si192O384
       4720           1           1           1
#  Timestep    No_Moles    No_Specs   Si192O384
       4725           1           1           1
#  Timestep    No_Moles    No_Specs   Si192O384
       4730           1           1           1
#  Timestep    No_Moles    No_Specs   Si192O384
       4735           1           1           1
#  Timestep    No_Moles    No_Specs   Si192O384
       4740           1           1           1
#  Timestep    No_Moles    No_Specs   Si192O384
       4745           1           1           1
#  Timestep    No_Moles    No_Specs   Si192O384
       4750           1           1           1
#  Timestep    No_Moles    No_Specs   Si192O384
       4755           1           1           1
#  Timestep    No_Moles    No_Specs   Si192O384
       4760           1           1           1
#  Timestep    No_Moles    No_Specs   Si192O384
       4765           1           1           1
#  Timestep    No_Moles    No_Specs   Si192O384
       4770           1           1           1
#  Timestep    No_Moles    No_Specs   Si192O384
       4775           1           1           1
#  Timestep    No_Moles    No_Specs   Si192O384
       4780           1           1           1
#  Timestep    No_Moles    No_Specs   Si192O384
       4785           1           1           1
#  Timestep    No_Moles    No_Specs   Si192O384
       4790           1           1           1
#  Timestep    No_Moles    No_Specs   Si192O384
       4795           1           1           1
#  Timestep    No_Moles    No_Specs   Si192O384
       4800           1           1           1
#  Timestep    No_Moles    No_Specs   Si192O384
       4805           1           1           1
#  Timestep    No_Moles    No_Specs   Si192O384
       4810           1           1           1
#  Timestep    No_Moles    No_Specs   Si192O384
       4815           1           1           1
#  Timestep    No_Moles    No_Specs   Si192O384
       4820           1           1           1
#  Timestep    No_Moles    No_Specs   Si192O384
       4825           1           1           1
#  Timestep    No_Moles    No_Specs   Si192O384
       4830           1           1           1
#  Timestep    No_Moles    No_Specs   Si192O384
       4835           1           1           1
#  Timestep    No_Moles    No_Specs   Si192O384
       4840           1           1           1
#  Timestep    No_Moles    No_Specs   Si192O384
       4845           1           1           1
#  Timestep    No_Moles    No_Specs   Si192O384
       4850           1           1           1
#  Timestep    No_Moles    No_Specs   Si192O384
       4855           1           1           1
#  Timestep    No_Moles    No_Specs   Si192O384
       4860           1           1           1
#  Timestep    No_Moles    No_Specs   Si192O384
       4865           1           1           1
#  Timestep    No_Moles    No_Specs   Si192O384
       4870           1           1           1
#  Timestep    No_Moles    No_Specs   Si192O384
       4875           1           1           1
#  Timestep    No_Moles    No_Specs   Si192O384
       4880           1           1           1
#  Timestep    No_Moles    No_Specs   Si192O384
       4885           1           1           1
#  Timestep    No_Moles    No_Specs   Si192O384
       4890           1           1           1
#  Timestep    No_Moles    No_Specs   Si192O384
       4895           1           1           1
#  Timestep    No_Moles    No_Specs   Si192O384
       4900           1           1           1
#  Timestep    No_Moles    No_Specs   Si192O384
       4905           1           1           1
#  Timestep    No_Moles    No_Specs   Si192O384
       4910           1           1           1
#  Timestep    No_Moles    No_Specs   Si192O384
       4915           1           1           1
#  Timestep    No_Moles    No_Specs   Si192O384
       4920           1           1           1
#  Timestep    No_Moles    No_Specs   Si192O384
       4925           1           1           1
#  Timestep    No_Moles    No_Specs   Si192O384
       4930           1           1           1
#  Timestep    No_Moles    No_Specs   Si192O384
       4935           1           1           1
#  Timestep    No_Moles    No_Specs   Si192O384
       4940           1           1           1
#  Timestep    No_Moles    No_Specs   Si192O384
       4945           1           1           1
#  Timestep    No_Moles    No_Specs   Si192O384
       4950           1           1           1
#  Timestep    No_Moles    No_Specs   Si192O384
       4955           1           1           1
#  Timestep    No_Moles    No_Specs   Si192O384
       4960           1           1           1
#  Timestep    No_Moles    No_Specs   Si192O384
       4965           1           1           1
#  Timestep    No_Moles    No_Specs   Si192O384
       4970           1           1           1
#  Timestep    No_Moles    No_Specs   Si192O384
       4975           1           1           1
#  Timestep    No_Moles    No_Specs   Si192O384
       4980           1           1           1
#  Timestep    No_Moles    No_Specs   Si192O384
       4985           1           1           1
#  Timestep    No_Moles    No_Specs   Si192O384
       4990           1           1           1
#  Timestep    No_Moles    No_Specs   Si192O384
       4995           1           1           1
#  Timestep    No_Moles    No_Specs   Si192O384
       5000           1           1           1
