--------------------------------------------------------------------------
WARNING: There was an error initializing an OpenFabrics device.

  Local host:   dahu148
  Local device: hfi1_0
--------------------------------------------------------------------------
[dahu148:501411] 7 more processes have sent help message help-mpi-btl-openib.txt / error in device init
[dahu148:501411] Set MCA parameter "orte_base_help_aggregate" to 0 to see all help / error messages
--------------------------------------------------------------------------
Primary job  terminated normally, but 1 process returned
a non-zero exit code. Per user-direction, the job has been aborted.
--------------------------------------------------------------------------
--------------------------------------------------------------------------
mpirun detected that one or more processes exited with non-zero status, thus causing
the job to be terminated. The first process to do so was:

  Process name: [[8636,1],4]
  Exit code:    1
--------------------------------------------------------------------------
--------------------------------------------------------------------------
WARNING: There was an error initializing an OpenFabrics device.

  Local host:   dahu148
  Local device: hfi1_0
--------------------------------------------------------------------------
[dahu148:505360] 7 more processes have sent help message help-mpi-btl-openib.txt / error in device init
[dahu148:505360] Set MCA parameter "orte_base_help_aggregate" to 0 to see all help / error messages
## OAR [2023-12-16 22:37:16] Job 23852007 KILLED ##
--------------------------------------------------------------------------
WARNING: There was an error initializing an OpenFabrics device.

  Local host:   dahu151
  Local device: hfi1_0
--------------------------------------------------------------------------
[dahu151:34139] 7 more processes have sent help message help-mpi-btl-openib.txt / error in device init
[dahu151:34139] Set MCA parameter "orte_base_help_aggregate" to 0 to see all help / error messages
--------------------------------------------------------------------------
WARNING: There was an error initializing an OpenFabrics device.

  Local host:   dahu112
  Local device: hfi1_0
--------------------------------------------------------------------------
[dahu112:2226853] 3 more processes have sent help message help-mpi-btl-openib.txt / error in device init
[dahu112:2226853] Set MCA parameter "orte_base_help_aggregate" to 0 to see all help / error messages
--------------------------------------------------------------------------
WARNING: There was an error initializing an OpenFabrics device.

  Local host:   dahu112
  Local device: hfi1_0
--------------------------------------------------------------------------
[dahu112:2232099] 3 more processes have sent help message help-mpi-btl-openib.txt / error in device init
[dahu112:2232099] Set MCA parameter "orte_base_help_aggregate" to 0 to see all help / error messages
## OAR [2023-12-16 23:41:26] Job 23852019 KILLED ##
--------------------------------------------------------------------------
WARNING: There was an error initializing an OpenFabrics device.

  Local host:   dahu112
  Local device: hfi1_0
--------------------------------------------------------------------------
[dahu112:2234075] 3 more processes have sent help message help-mpi-btl-openib.txt / error in device init
[dahu112:2234075] Set MCA parameter "orte_base_help_aggregate" to 0 to see all help / error messages
## OAR [2023-12-16 23:43:22] Job 23852021 KILLED ##
--------------------------------------------------------------------------
WARNING: There was an error initializing an OpenFabrics device.

  Local host:   dahu112
  Local device: hfi1_0
--------------------------------------------------------------------------
[dahu112:2235530] 3 more processes have sent help message help-mpi-btl-openib.txt / error in device init
[dahu112:2235530] Set MCA parameter "orte_base_help_aggregate" to 0 to see all help / error messages
--------------------------------------------------------------------------
WARNING: There was an error initializing an OpenFabrics device.

  Local host:   dahu112
  Local device: hfi1_0
--------------------------------------------------------------------------
[dahu112:2243997] 3 more processes have sent help message help-mpi-btl-openib.txt / error in device init
[dahu112:2243997] Set MCA parameter "orte_base_help_aggregate" to 0 to see all help / error messages
